<?xml version="1.0" encoding="UTF-8"?>
<testsuite xmlns:xsi="http://www.w3.org/2001/XMLSchema-instance" xsi:noNamespaceSchemaLocation="https://maven.apache.org/surefire/maven-surefire-plugin/xsd/surefire-test-report-3.0.xsd" version="3.0" name="TestSuite" time="14.011" tests="3" errors="0" skipped="0" failures="0">
  <properties>
[...]
</properties>
  <testcase name="createBoard" classname="demo.trelloAPI" time="9.639">
    <system-out><![CDATA[{"id":"6463708c744e78ae593ef280","name":"masai","desc":"","descData":null,"closed":false,"idOrganization":"64476e5210a8d761333da7a0","idEnterprise":null,"pinned":false,"url":"https://trello.com/b/C1gxvsyz/masai","shortUrl":"https://trello.com/b/C1gxvsyz","prefs":{"permissionLevel":"private","hideVotes":false,"voting":"disabled","comments":"members","invitations":"members","selfJoin":true,"cardCovers":true,"isTemplate":false,"cardAging":"regular","calendarFeedEnabled":false,"hiddenPluginBoardButtons":[],"switcherViews":[{"viewType":"Board","enabled":true,"_id":"6463708c744e78ae593ef281"},{"viewType":"Table","enabled":true,"_id":"6463708c744e78ae593ef282"},{"viewType":"Calendar","enabled":false,"_id":"6463708c744e78ae593ef283"},{"viewType":"Dashboard","enabled":false,"_id":"6463708c744e78ae593ef284"},{"viewType":"Timeline","enabled":false,"_id":"6463708c744e78ae593ef285"},{"viewType":"Map","enabled":false,"_id":"6463708c744e78ae593ef286"}],"background":"blue","backgroundColor":"#0079BF","backgroundImage":null,"backgroundImageScaled":null,"backgroundTile":false,"backgroundBrightness":"dark","backgroundBottomColor":"#0079BF","backgroundTopColor":"#0079BF","canBePublic":true,"canBeEnterprise":true,"canBeOrg":true,"canBePrivate":true,"canInvite":true},"labelNames":{"green":"","yellow":"","orange":"","red":"","purple":"","blue":"","sky":"","lime":"","pink":"","black":"","green_dark":"","yellow_dark":"","orange_dark":"","red_dark":"","purple_dark":"","blue_dark":"","sky_dark":"","lime_dark":"","pink_dark":"","black_dark":"","green_light":"","yellow_light":"","orange_light":"","red_light":"","purple_light":"","blue_light":"","sky_light":"","lime_light":"","pink_light":"","black_light":""},"limits":{}}
6463708c744e78ae593ef280
]]></system-out>
    <system-err><![CDATA[SLF4J: Failed to load class "org.slf4j.impl.StaticLoggerBinder".
SLF4J: Defaulting to no-operation (NOP) logger implementation
SLF4J: See http://www.slf4j.org/codes.html#StaticLoggerBinder for further details.
]]></system-err>
  </testcase>
  <testcase name="updateBoard" classname="demo.trelloAPI" time="0.924">
    <system-out><![CDATA[{"id":"6463708c744e78ae593ef280","name":"sudipta","desc":"i am a good boy","descData":{"emoji":{}},"closed":false,"idOrganization":"64476e5210a8d761333da7a0","idEnterprise":null,"pinned":false,"url":"https://trello.com/b/C1gxvsyz/sudipta","shortUrl":"https://trello.com/b/C1gxvsyz","prefs":{"permissionLevel":"private","hideVotes":false,"voting":"disabled","comments":"members","invitations":"members","selfJoin":true,"cardCovers":true,"isTemplate":false,"cardAging":"regular","calendarFeedEnabled":false,"hiddenPluginBoardButtons":[],"switcherViews":[{"viewType":"Board","enabled":true,"_id":"6463708c744e78ae593ef281"},{"viewType":"Table","enabled":true,"_id":"6463708c744e78ae593ef282"},{"viewType":"Calendar","enabled":false,"_id":"6463708c744e78ae593ef283"},{"viewType":"Dashboard","enabled":false,"_id":"6463708c744e78ae593ef284"},{"viewType":"Timeline","enabled":false,"_id":"6463708c744e78ae593ef285"},{"viewType":"Map","enabled":false,"_id":"6463708c744e78ae593ef286"}],"background":"blue","backgroundColor":"#0079BF","backgroundImage":null,"backgroundImageScaled":null,"backgroundTile":false,"backgroundBrightness":"dark","backgroundBottomColor":"#0079BF","backgroundTopColor":"#0079BF","canBePublic":true,"canBeEnterprise":true,"canBeOrg":true,"canBePrivate":true,"canInvite":true},"labelNames":{"green":"","yellow":"","orange":"","red":"","purple":"","blue":"","sky":"","lime":"","pink":"","black":"","green_dark":"","yellow_dark":"","orange_dark":"","red_dark":"","purple_dark":"","blue_dark":"","sky_dark":"","lime_dark":"","pink_dark":"","black_dark":"","green_light":"","yellow_light":"","orange_light":"","red_light":"","purple_light":"","blue_light":"","sky_light":"","lime_light":"","pink_light":"","black_light":""}}
sudipta
]]></system-out>
  </testcase>
  <testcase name="deleteBoard" classname="demo.trelloAPI" time="1.714"/>
</testsuite>